<?xml version="1.0" encoding="UTF-8"?>
<!-- Generated by org.testng.reporters.JUnitReportReporter -->
<testsuite hostname="LAPTOP-EA9TV5CO" failures="0" tests="4" name="loginTestCases.Login" time="11.104" errors="0" timestamp="2024-01-20T00:47:37 IST" skipped="0">
  <testcase classname="loginTestCases.Login" name="loginWithCorrect" time="2.153"/>
  <testcase classname="loginTestCases.Login" name="loginWithCorrect" time="3.089"/>
  <testcase classname="loginTestCases.Login" name="loginWithCorrect" time="4.525"/>
  <testcase classname="loginTestCases.Login" name="loginWithCorrect" time="1.337"/>
</testsuite> <!-- loginTestCases.Login -->
